2024-07-21 12:54:34 [SERVER] [INFO] Starting integrated minecraft server version 1.5.2
2024-07-21 12:54:34 [SERVER] [INFO] Generating keypair
2024-07-21 12:54:34 [SERVER] [INFO] Converting map!
2024-07-21 12:54:34 [SERVER] [INFO] Scanning folders...
2024-07-21 12:54:34 [SERVER] [INFO] Total conversion count is 0
2024-07-21 12:54:35 [SERVER] [INFO] Preparing start region for level 0
2024-07-21 12:54:36 [SERVER] [INFO] Preparing spawn area: 26%
2024-07-21 12:54:37 [SERVER] [INFO] Preparing spawn area: 58%
2024-07-21 12:54:38 [SERVER] [INFO] Preparing spawn area: 91%
2024-07-21 12:54:38 [SERVER] [INFO] HatsuneMiku[/127.0.0.1:0] logged in with entity id 228 at (-155.5, 69.0, 257.5)
2024-07-21 13:11:02 [SERVER] [INFO] Stopping server
2024-07-21 13:11:02 [SERVER] [INFO] Saving players
2024-07-21 13:11:02 [SERVER] [INFO] Saving worlds
2024-07-21 13:11:02 [SERVER] [INFO] Saving chunks for level 'New World'/Overworld
2024-07-21 13:11:02 [SERVER] [INFO] Saving chunks for level 'New World'/Nether
2024-07-21 13:11:02 [SERVER] [INFO] Saving chunks for level 'New World'/The End
2024-07-21 13:17:22 [SERVER] [INFO] Starting integrated minecraft server version 1.5.2
2024-07-21 13:17:22 [SERVER] [INFO] Generating keypair
2024-07-21 13:17:22 [SERVER] [INFO] Preparing start region for level 0
2024-07-21 13:17:22 [SERVER] [INFO] HatsuneMiku[/127.0.0.1:0] logged in with entity id 401 at (-158.43135932638017, 75.56310735087612, 271.0983221585937)
2024-07-21 13:17:27 [SERVER] [INFO] Stopping server
2024-07-21 13:17:27 [SERVER] [INFO] Saving players
2024-07-21 13:17:27 [SERVER] [INFO] Saving worlds
2024-07-21 13:17:27 [SERVER] [INFO] Saving chunks for level 'New World'/Overworld
2024-07-21 13:17:27 [SERVER] [INFO] Saving chunks for level 'New World'/Nether
2024-07-21 13:17:27 [SERVER] [INFO] Saving chunks for level 'New World'/The End
2024-07-21 13:19:42 [SERVER] [INFO] Starting integrated minecraft server version 1.5.2
2024-07-21 13:19:42 [SERVER] [INFO] Generating keypair
2024-07-21 13:19:43 [SERVER] [INFO] Preparing start region for level 0
2024-07-21 13:19:43 [SERVER] [INFO] HatsuneMiku[/127.0.0.1:0] logged in with entity id 359 at (-156.29385131689327, 74.42244041848076, 272.07072377435935)
2024-07-21 13:19:50 [SERVER] [INFO] Stopping server
2024-07-21 13:19:50 [SERVER] [INFO] Saving players
2024-07-21 13:19:50 [SERVER] [INFO] Saving worlds
2024-07-21 13:19:50 [SERVER] [INFO] Saving chunks for level 'New World'/Overworld
2024-07-21 13:19:50 [SERVER] [INFO] Saving chunks for level 'New World'/Nether
2024-07-21 13:19:50 [SERVER] [INFO] Saving chunks for level 'New World'/The End
2024-07-21 13:22:07 [SERVER] [INFO] Starting integrated minecraft server version 1.5.2
2024-07-21 13:22:07 [SERVER] [INFO] Generating keypair
2024-07-21 13:22:07 [SERVER] [INFO] Preparing start region for level 0
2024-07-21 13:22:08 [SERVER] [INFO] HatsuneMiku[/127.0.0.1:0] logged in with entity id 372 at (-146.83431450384006, 73.92894362130258, 273.0939713180552)
2024-07-21 13:22:11 [SERVER] [INFO] Stopping server
2024-07-21 13:22:11 [SERVER] [INFO] Saving players
2024-07-21 13:22:11 [SERVER] [INFO] Saving worlds
2024-07-21 13:22:11 [SERVER] [INFO] Saving chunks for level 'New World'/Overworld
2024-07-21 13:22:11 [SERVER] [INFO] Saving chunks for level 'New World'/Nether
2024-07-21 13:22:11 [SERVER] [INFO] Saving chunks for level 'New World'/The End
2024-07-21 13:27:02 [SERVER] [INFO] Starting integrated minecraft server version 1.5.2
2024-07-21 13:27:02 [SERVER] [INFO] Generating keypair
2024-07-21 13:27:02 [SERVER] [INFO] Preparing start region for level 0
2024-07-21 13:27:02 [SERVER] [INFO] HatsuneMiku[/127.0.0.1:0] logged in with entity id 371 at (-145.74871928324558, 73.92894362130258, 274.09740804735924)
2024-07-21 13:27:05 [SERVER] [INFO] Stopping server
2024-07-21 13:27:05 [SERVER] [INFO] Saving players
2024-07-21 13:27:05 [SERVER] [INFO] Saving worlds
2024-07-21 13:27:05 [SERVER] [INFO] Saving chunks for level 'New World'/Overworld
2024-07-21 13:27:05 [SERVER] [INFO] Saving chunks for level 'New World'/Nether
2024-07-21 13:27:05 [SERVER] [INFO] Saving chunks for level 'New World'/The End
2024-07-21 13:27:45 [SERVER] [INFO] Starting integrated minecraft server version 1.5.2
2024-07-21 13:27:45 [SERVER] [INFO] Generating keypair
2024-07-21 13:27:45 [SERVER] [INFO] Preparing start region for level 0
2024-07-21 13:27:46 [SERVER] [INFO] HatsuneMiku[/127.0.0.1:0] logged in with entity id 370 at (-144.77873850738627, 73.92894362130258, 274.72001254433457)
2024-07-21 13:27:50 [SERVER] [INFO] Stopping server
2024-07-21 13:27:50 [SERVER] [INFO] Saving players
2024-07-21 13:27:50 [SERVER] [INFO] Saving worlds
2024-07-21 13:27:50 [SERVER] [INFO] Saving chunks for level 'New World'/Overworld
2024-07-21 13:27:50 [SERVER] [INFO] Saving chunks for level 'New World'/Nether
2024-07-21 13:27:50 [SERVER] [INFO] Saving chunks for level 'New World'/The End
