2024-07-21 12:22:04 [CLIENT] [INFO] Setting user: Player094
2024-07-21 12:22:04 [CLIENT] [INFO] LWJGL Version: 2.9.4
2024-07-21 12:22:06 [CLIENT] [INFO] Found animation info for: textures/blocks/lava_flow.txt
2024-07-21 12:22:06 [CLIENT] [INFO] Found animation info for: textures/blocks/water_flow.txt
2024-07-21 12:22:06 [CLIENT] [INFO] Found animation info for: textures/blocks/fire_0.txt
2024-07-21 12:22:06 [CLIENT] [INFO] Found animation info for: textures/blocks/fire_1.txt
2024-07-21 12:22:06 [CLIENT] [INFO] Found animation info for: textures/blocks/lava.txt
2024-07-21 12:22:06 [CLIENT] [INFO] Found animation info for: textures/blocks/portal.txt
2024-07-21 12:22:06 [CLIENT] [INFO] Found animation info for: textures/blocks/water.txt
2024-07-21 12:22:06 [CLIENT] [INFO] Found animation info for: textures/items/clock.txt
2024-07-21 12:22:06 [CLIENT] [INFO] Found animation info for: textures/items/compass.txt
2024-07-21 12:22:13 [CLIENT] [INFO] Stopping!
2024-07-21 12:24:59 [CLIENT] [INFO] Setting user: Player094
2024-07-21 12:24:59 [CLIENT] [INFO] LWJGL Version: 2.9.4
2024-07-21 12:25:01 [CLIENT] [INFO] Found animation info for: textures/blocks/lava_flow.txt
2024-07-21 12:25:01 [CLIENT] [INFO] Found animation info for: textures/blocks/water_flow.txt
2024-07-21 12:25:01 [CLIENT] [INFO] Found animation info for: textures/blocks/fire_0.txt
2024-07-21 12:25:01 [CLIENT] [INFO] Found animation info for: textures/blocks/fire_1.txt
2024-07-21 12:25:01 [CLIENT] [INFO] Found animation info for: textures/blocks/lava.txt
2024-07-21 12:25:01 [CLIENT] [INFO] Found animation info for: textures/blocks/portal.txt
2024-07-21 12:25:01 [CLIENT] [INFO] Found animation info for: textures/blocks/water.txt
2024-07-21 12:25:01 [CLIENT] [INFO] Found animation info for: textures/items/clock.txt
2024-07-21 12:25:01 [CLIENT] [INFO] Found animation info for: textures/items/compass.txt
2024-07-21 12:25:09 [CLIENT] [INFO] Stopping!
2024-07-21 12:26:37 [CLIENT] [INFO] Setting user: HatsuneMiku
2024-07-21 12:26:37 [CLIENT] [INFO] LWJGL Version: 2.9.4
2024-07-21 12:26:39 [CLIENT] [INFO] Found animation info for: textures/blocks/lava_flow.txt
2024-07-21 12:26:39 [CLIENT] [INFO] Found animation info for: textures/blocks/water_flow.txt
2024-07-21 12:26:39 [CLIENT] [INFO] Found animation info for: textures/blocks/fire_0.txt
2024-07-21 12:26:39 [CLIENT] [INFO] Found animation info for: textures/blocks/fire_1.txt
2024-07-21 12:26:39 [CLIENT] [INFO] Found animation info for: textures/blocks/lava.txt
2024-07-21 12:26:39 [CLIENT] [INFO] Found animation info for: textures/blocks/portal.txt
2024-07-21 12:26:39 [CLIENT] [INFO] Found animation info for: textures/blocks/water.txt
2024-07-21 12:26:39 [CLIENT] [INFO] Found animation info for: textures/items/clock.txt
2024-07-21 12:26:39 [CLIENT] [INFO] Found animation info for: textures/items/compass.txt
2024-07-21 12:26:41 [CLIENT] [INFO] Stopping!
